=2024-06-11 09:58:59 - Starting MyFirstApoRestApplication using Java 17.0.10 with PID 13800 (C:\Users\eric_\Desktop\repo02\trabajos eclipse\MyFirstApoRest\target\classes started by eric_ in C:\Users\eric_\Desktop\repo02\trabajos eclipse\MyFirstApoRest)
=2024-06-11 09:58:59 - No active profile set, falling back to 1 default profile: "default"
=2024-06-11 09:59:00 - Tomcat initialized with port 8080 (http)
=2024-06-11 09:59:00 - Starting service [Tomcat]
=2024-06-11 09:59:00 - Starting Servlet engine: [Apache Tomcat/10.1.24]
=2024-06-11 09:59:00 - Initializing Spring embedded WebApplicationContext
=2024-06-11 09:59:00 - Root WebApplicationContext: initialization completed in 98 ms
=2024-06-11 09:59:00 - LiveReload server is running on port 35729
=2024-06-11 09:59:00 - Tomcat started on port 8080 (http) with context path '/'
=2024-06-11 09:59:00 - Started MyFirstApoRestApplication in 0.16 seconds (process running for 642.257)
=2024-06-11 09:59:00 - Condition evaluation unchanged
=2024-06-11 09:59:00 - Info Mesagge
=2024-06-11 09:59:00 - WARNING mesage
=2024-06-11 09:59:00 - ERROR MESSAGE
=2024-06-11 09:59:21 - Application shutdown requested.
=2024-06-11 09:59:23 - Starting MyFirstApoRestApplication using Java 17.0.10 with PID 18772 (C:\Users\eric_\Desktop\repo02\trabajos eclipse\MyFirstApoRest\target\classes started by eric_ in C:\Users\eric_\Desktop\repo02\trabajos eclipse\MyFirstApoRest)
=2024-06-11 09:59:23 - No active profile set, falling back to 1 default profile: "default"
=2024-06-11 09:59:23 - Devtools property defaults active! Set 'spring.devtools.add-properties' to 'false' to disable
=2024-06-11 09:59:23 - For additional web related logging consider setting the 'logging.level.web' property to 'DEBUG'
=2024-06-11 09:59:24 - Tomcat initialized with port 8080 (http)
=2024-06-11 09:59:24 - Starting service [Tomcat]
=2024-06-11 09:59:24 - Starting Servlet engine: [Apache Tomcat/10.1.24]
=2024-06-11 09:59:24 - Initializing Spring embedded WebApplicationContext
=2024-06-11 09:59:24 - Root WebApplicationContext: initialization completed in 702 ms
=2024-06-11 09:59:24 - LiveReload server is running on port 35729
=2024-06-11 09:59:24 - Tomcat started on port 8080 (http) with context path '/'
=2024-06-11 09:59:24 - Started MyFirstApoRestApplication in 1.348 seconds (process running for 1.899)
=2024-06-11 09:59:24 - Info Mesagge
=2024-06-11 09:59:24 - WARNING mesage
=2024-06-11 09:59:24 - ERROR MESSAGE
=2024-06-11 10:00:39 - Restarting due to 1 class path change (0 additions, 0 deletions, 1 modification)
